run_number/I gas_mixture_id/I run_grade/I duration/C hv_ch0/I hv_ch1/I hv_ch2/I recbe_dac_bd0/I recbe_dac_bd1/I recbe_th_bd0/D recbe_th_bd1/D recbe_th_input_bd0/I recbe_th_input_bd1/I
000026 0  5 0:02:56 2300 2300 2300 3751 3722 19.9963 20.0667 20 20
000027 0  5 0:01:38 2300 2300 2300 3799 3769 10.1012  9.9255 10 10
000028 0  5 0:01:26 2300 2300 2300 3824 3792  4.9475  4.9627  5  5
000029 0  5 0:01:40 2300 2300 2300 3833 3801  3.0922  3.0208  3  3
000030 0  5 0:02:26 2300 2300 2300 3843 3810  1.0307  1.0788  1  1
000031 0  5 0:03:38 2300 2300 2300 3809 3778  8.0397  7.9835  8  8
000032 0 10 0:01:27 2300 2300 2300 3833 3801  3.0922  3.0208  3  3
000033 0 10 0:00:51 2300 2300 2300 3833 3801  3.0922  3.0208  3  3
000034 0 10 0:00:33 2300 2300 2300 3833 3801  3.0922  3.0208  3  3
000035 0 10 0:01:02 2300 2300 2300 3751 3722 19.9963 20.0667 20 20
000036 0  2 0:03:00 1900 1900 1900 3751 3722 19.9963 20.0667 20 20
000037 0  2 0:03:04 2000 2000 2000 3751 3722 19.9963 20.0667 20 20
000038 0  2 0:03:00 2100 2100 2100 3751 3722 19.9963 20.0667 20 20
000039 0  2 0:03:00 2200 2200 2200 3751 3722 19.9963 20.0667 20 20
000040 0  2 0:03:04 2300 2300 2300 3751 3722 19.9963 20.0667 20 20
000041 0  2 0:03:04 2400 2400 2400 3751 3722 19.9963 20.0667 20 20
000042 0  2 0:03:03 2500 2500 2500 3751 3722 19.9963 20.0667 20 20
000043 0  2 0:03:00 2600 2600 2600 3751 3722 19.9963 20.0667 20 20
000044 0  1 0:03:00 2600 2600 2600 3799 3769 10.1012  9.9255 10 10
000045 0  1 0:03:05 2600 2600 2600 3775 3745 15.0487 15.1040 15 15
000046 0  1 0:03:57 2600 2600 2600 3727 3699 24.9438 25.0294 25 25
000047 0  1 0:03:35 2600 2600 2600 3702 3676 30.0975 29.9922 30 30
000048 0  1 0:03:09 2500 2500 2500 3799 3769 10.1012  9.9255 10 10
000049 0  1 0:03:08 2500 2500 2500 3775 3745 15.0487 15.1040 15 15
000050 0  1 0:03:08 2500 2500 2500 3727 3699 24.9438 25.0294 25 25
000051 0  1 0:03:32 2500 2500 2500 3702 3676 30.0975 29.9922 30 30
000052 0  1 0:03:02 2400 2400 2400 3799 3769 10.1012  9.9255 10 10
000053 0  1 0:03:03 2400 2400 2400 3775 3745 15.0487 15.1040 15 15
000054 0  1 0:03:07 2400 2400 2400 3727 3699 24.9438 25.0294 25 25
000055 0  1 0:03:07 2400 2400 2400 3702 3676 30.0975 29.9922 30 30
000056 0  1 0:03:30 2300 2300 2300 3702 3676 30.0975 29.9922 30 30
000057 0  1 0:03:04 2300 2300 2300 3727 3699 24.9438 25.0294 25 25
000058 0  1 0:03:08 2300 2300 2300 3751 3722 19.9963 20.0667 20 20
000059 0  1 0:03:02 2300 2300 2300 3775 3745 15.0487 15.1040 15 15
000060 0  1 0:03:24 2300 2300 2300 3799 3769 10.1012  9.9255 10 10
000061 0  1 0:03:18 2400 2400 2400 3751 3722 19.9963 20.0667 20 20
000062 0  1 0:03:34 2500 2500 2500 3751 3722 19.9963 20.0667 20 20
000063 0  1 0:03:07 2600 2600 2600 3751 3722 19.9963 20.0667 20 20
000064 0  1 0:03:06 2200 2200 2200 3799 3769 10.1012  9.9255 10 10
000065 0  1 0:03:14 2200 2200 2200 3775 3745 15.0487 15.1040 15 15
000067 0  1 0:03:09 2200 2200 2200 3751 3722 19.9963 20.0667 20 20
000068 0  1 0:03:53 2200 2200 2200 3727 3699 24.9438 25.0294 25 25
000069 0  1 0:03:08 2200 2200 2200 3702 3676 30.0975 29.9922 30 30
000070 0  1 0:03:09 2100 2100 2100 3702 3676 30.0975 29.9922 30 30
000071 0  1 0:03:11 2100 2100 2100 3727 3699 24.9438 25.0294 25 25
000072 0  2 0:03:51 2100 2100 2100 3751 3722 19.9963 20.0667 20 20
000073 0  2 0:03:19 2100 2100 2100 3751 3722 19.9963 20.0667 20 20
000074 0  2 0:12:41 2100 2100 2100 3751 3722 19.9963 20.0667 20 20
000075 0  2 0:02:47 2100 2100 2100 3751 3722 19.9963 20.0667 20 20
000076 0  2 0:07:23 2100 2100 2100 3751 3722 19.9963 20.0667 20 20
000077 0  2 0:15:20 2100 2100 2100 3751 3722 19.9963 20.0667 20 20
000078 0  2 0:03:18 2100 2100 2100 3751 3722 19.9963 20.0667 20 20
000079 0 10 0:01:18 2100 2100 2100 3751 3722 19.9963 20.0667 20 20
000080 0  9 0:10:05 2100 2100 2100 3751 3722 19.9963 20.0667 20 20
000081 0  9 0:07:59 2100 2100 2100 3751 3722 19.9963 20.0667 20 20
000082 0  1 0:03:43 2100 2100 2100 3751 3722 19.9963 20.0667 20 20
000083 0  1 0:02:43 2100 2100 2100 3775 3745 15.0487 15.1040 15 15
000084 0  1 0:02:37 2100 2100 2100 3799 3769 10.1012  9.9255 10 10
000085 0  1 0:02:36 2000 2000 2000 3799 3769 10.1012  9.9255 10 10
000086 0  1 0:02:38 2000 2000 2000 3775 3745 15.0487 15.1040 15 15
000087 0  1 0:02:39 2000 2000 2000 3751 3722 19.9963 20.0667 20 20
000088 0  1 0:02:33 2000 2000 2000 3727 3699 24.9438 25.0294 25 25
000089 0  1 0:02:34 2000 2000 2000 3702 3676 30.0975 29.9922 30 30
000090 0  1 0:02:34 1900 1900 1900 3702 3676 30.0975 29.9922 30 30
000091 0  1 0:02:36 1900 1900 1900 3727 3699 24.9438 25.0294 25 25
000092 0  1 0:02:35 1900 1900 1900 3751 3722 19.9963 20.0667 20 20
000093 0  1 0:02:39 1900 1900 1900 3775 3745 15.0487 15.1040 15 15
000094 0  1 0:02:33 1900 1900 1900 3799 3769 10.1012  9.9255 10 10
000095 0  1 0:02:30 1800 1800 1800 3799 3769 10.1012  9.9255 10 10
000096 0  1 0:02:34 1800 1800 1800 3775 3745 15.0487 15.1040 15 15
000097 0  1 0:02:32 1800 1800 1800 3751 3722 19.9963 20.0667 20 20
000098 0  1 0:02:36 1800 1800 1800 3727 3699 24.9438 25.0294 25 25
000099 0  1 0:02:33 1800 1800 1800 3702 3676 30.0975 29.9922 30 30
000100 0  1 0:02:32 2250 2250 2250 3702 3676 30.0975 29.9922 30 30
000101 0  1 0:02:33 2250 2250 2250 3727 3699 24.9438 25.0294 25 25
000102 0  1 0:02:36 2250 2250 2250 3751 3722 19.9963 20.0667 20 20
000103 0  1 0:02:41 2250 2250 2250 3775 3745 15.0487 15.1040 15 15
000104 0  1 0:02:36 2250 2250 2250 3799 3769 10.1012  9.9255 10 10
000105 0  1 0:02:38 2350 2350 2350 3799 3769 10.1012  9.9255 10 10
000106 0  1 0:02:37 2350 2350 2350 3775 3745 15.0487 15.1040 15 15
000107 0  1 0:02:42 2350 2350 2350 3751 3722 19.9963 20.0667 20 20
000108 0  1 0:03:01 2350 2350 2350 3727 3699 24.9438 25.0294 25 25
000109 0  1 0:02:35 2350 2350 2350 3702 3676 30.0975 29.9922 30 30
000110 0  1 0:15:21 2300 2300 2300 3751 3722 19.9963 20.0667 20 20
000111 0  1 0:15:46 2300 2300 2300 3727 3699 24.9438 25.0294 25 25
000112 0  1 0:15:06 2200 2200 2200 3751 3722 19.9963 20.0667 20 20
000113 0  1 0:15:04 2200 2200 2200 3727 3699 24.9438 25.0294 25 25
000114 0  1 0:15:41 2200 2200 2200 3727 3699 24.9438 25.0294 25 25
000115 0  1 0:15:52 2200 2200 2200 3751 3722 19.9963 20.0667 20 20
000116 0  1 0:15:39 2300 2300 2300 3727 3699 24.9438 25.0294 25 25
000117 0  1 0:15:38 2300 2300 2300 3751 3722 19.9963 20.0667 20 20
000118 0  1 0:03:08 2300 2300 2300 3678 3653 35.0450 34.9549 35 35
000119 0  1 0:02:56 2300 2300 2300 3654 3630 39.9925 39.9176 40 40
000120 0  2 0:03:08 2300 2300 2300 3751 3722 19.9963 20.0667 20 20
000121 0  1 0:02:38 2400 2400 2400 3678 3653 35.0450 34.9549 35 35
000122 0  1 0:03:10 2400 2400 2400 3654 3630 39.9925 39.9176 40 40
000123 0  1 0:02:46 2200 2200 2200 3654 3630 39.9925 39.9176 40 40
000124 0  1 0:02:44 2200 2200 2200 3678 3653 35.0450 34.9549 35 35
000125 0 10 0:00:52 2200 2200 2200 3678 3653 35.0450 34.9549 35 35
000126 0  5 0:00:46 2200 2200 2200 3678 3653 35.0450 34.9549 35 35
000127 0 10 0:00:34 2200 2200 2200 3678 3653 35.0450 34.9549 35 35
001001 1  5 0:01:15 1800 1800 1800 3751 3722 19.9963 20.0667 20 20
001002 1  2 0:01:27 1800 1800 1800 3751 3722 19.9963 20.0667 20 20
001003 1  2 0:01:13 1900 1900 1900 3751 3722 19.9963 20.0667 20 20
001004 1  2 0:01:25 1700 1700 1700 3751 3722 19.9963 20.0667 20 20
001005 1  2 0:01:06 1600 1600 1600 3751 3722 19.9963 20.0667 20 20
001006 1  2 0:01:23 1500 1500 1500 3751 3722 19.9963 20.0667 20 20
001007 1  2 0:01:23 1400 1400 1400 3751 3722 19.9963 20.0667 20 20
001008 1 10 0:00:38 1800 1800 1800 3799 3769 10.1012  9.9255 10 10
001009 1  1 0:01:30 1800 1800 1800 3799 3769 10.1012  9.9255 10 10
001010 1  1 0:02:43 1800 1800 1800 3775 3745 15.0487 15.1040 15 15
001011 1  1 0:02:06 1800 1800 1800 3799 3769 10.1012  9.9255 10 10
001012 1  1 0:02:04 1800 1800 1800 3751 3722 19.9963 20.0667 20 20
001013 1  1 0:02:05 1800 1800 1800 3727 3699 24.9438 25.0294 25 25
001014 1  1 0:02:07 1800 1800 1800 3702 3676 30.0975 29.9922 30 30
001015 1  1 0:02:45 1700 1700 1700 3799 3769 10.1012  9.9255 10 10
001016 1  1 0:02:06 1700 1700 1700 3775 3745 15.0487 15.1040 15 15
001017 1  1 0:02:18 1700 1700 1700 3751 3722 19.9963 20.0667 20 20
001018 1  1 0:02:20 1700 1700 1700 3727 3699 24.9438 25.0294 25 25
001019 1  1 0:02:26 1700 1700 1700 3702 3676 30.0975 29.9922 30 30
001020 1  1 0:02:10 1600 1600 1600 3799 3769 10.1012  9.9255 10 10
001021 1  1 0:02:06 1600 1600 1600 3775 3745 15.0487 15.1040 15 15
001022 1  1 0:02:16 1600 1600 1600 3751 3722 19.9963 20.0667 20 20
001023 1  1 0:02:07 1600 1600 1600 3727 3699 24.9438 25.0294 25 25
001024 1  1 0:02:07 1600 1600 1600 3702 3676 30.0975 29.9922 30 30
001025 1  1 0:02:08 1500 1500 1500 3799 3769 10.1012  9.9255 10 10
001026 1  1 0:02:25 1500 1500 1500 3775 3745 15.0487 15.1040 15 15
001027 1  1 0:02:19 1500 1500 1500 3751 3722 19.9963 20.0667 20 20
001028 1  1 0:02:16 1500 1500 1500 3727 3699 24.9438 25.0294 25 25
001029 1  1 0:02:24 1500 1500 1500 3702 3676 30.0975 29.9922 30 30
001030 1  1 0:02:01 1400 1400 1400 3799 3769 10.1012  9.9255 10 10
001031 1  1 0:02:06 1400 1400 1400 3775 3745 15.0487 15.1040 15 15
001032 1  1 0:02:22 1400 1400 1400 3751 3722 19.9963 20.0667 20 20
001033 1  1 0:02:13 1400 1400 1400 3727 3699 24.9438 25.0294 25 25
001034 1  1 0:02:26 1400 1400 1400 3702 3676 30.0975 29.9922 30 30
001035 1  1 0:02:08 1800 1800 1800 3678 3653 35.0450 34.9549 35 35
001036 1  1 0:02:04 1800 1800 1800 3654 3630 39.9925 39.9176 40 40
001037 1  1 0:02:42 1700 1700 1700 3678 3653 35.0450 34.9549 35 35
001038 1  1 0:02:26 1700 1700 1700 3654 3630 39.9925 39.9176 40 40
001039 1  1 0:02:07 1600 1600 1600 3678 3653 35.0450 34.9549 35 35
001040 1  1 0:02:04 1600 1600 1600 3654 3630 39.9925 39.9176 40 40
001041 1  1 0:02:20 1650 1650 1650 3799 3769 10.1012  9.9255 10 10
001042 1  1 0:02:07 1650 1650 1650 3775 3745 15.0487 15.1040 15 15
001043 1  1 0:02:03 1650 1650 1650 3751 3722 19.9963 20.0667 20 20
001044 1  1 0:02:15 1650 1650 1650 3727 3699 24.9438 25.0294 25 25
001045 1  1 0:02:04 1650 1650 1650 3702 3676 30.0975 29.9922 30 30
001046 1  1 0:02:06 1750 1750 1750 3702 3676 30.0975 29.9922 30 30
001047 1  1 0:02:04 1750 1750 1750 3727 3699 24.9438 25.0294 25 25
001048 1  1 0:02:32 1750 1750 1750 3751 3722 19.9963 20.0667 20 20
001049 1  1 0:02:47 1750 1750 1750 3775 3745 15.0487 15.1040 15 15
001050 1  1 0:02:18 1750 1750 1750 3799 3769 10.1012  9.9255 10 10
001051 1  1 0:02:28 1830 1830 1830 3799 3769 10.1012  9.9255 10 10
001052 1  1 0:02:36 1830 1830 1830 3775 3745 15.0487 15.1040 15 15
001053 1  1 0:02:05 1830 1830 1830 3751 3722 19.9963 20.0667 20 20
001054 1  1 0:02:30 1830 1830 1830 3727 3699 24.9438 25.0294 25 25
001055 1  1 0:02:12 1830 1830 1830 3702 3676 30.0975 29.9922 30 30
001066 1  1 0:15:34 1700 1700 1700 3702 3676 30.0975 29.9922 30 30
001067 1  1 0:15:12 1700 1700 1700 3751 3722 19.9963 20.0667 20 20
001068 1  1 0:15:07 1800 1800 1800 3751 3722 19.9963 20.0667 20 20
001069 1  1 0:15:28 1800 1800 1800 3702 3676 30.0975 29.9922 30 30
001070 1  1 0:15:12 1800 1800 1800 3678 3653 35.0450 34.9549 35 35
001071 1  1 ?:??:?? 1700 1700 1700 3702 3676 30.0975 29.9922 30 30
001072 1  1 0:15:32 1700 1700 1700 3751 3722 19.9963 20.0667 20 20
001073 1  1 0:15:08 1700 1700 1700 3702 3676 30.0975 29.9922 30 30
001074 1  1 0:14:16 1700 1700 1700 3678 3653 35.0450 34.9549 35 35
001075 1  1 0:14:54 1800 1800 1800 3751 3722 19.9963 20.0667 20 20
001076 1  1 0:15:35 1800 1800 1800 3702 3676 30.0975 29.9922 30 30
001077 1  1 0:15:17 1800 1800 1800 3678 3653 35.0450 34.9549 35 35
001078 1  5 0:01:07 1800 1800 1800 3751 3722 19.9963 20.0667 20 20
001079 1  5 0:00:50 1800 1800 1800 3751 3722 19.9963 20.0667 20 20
